2022/05/16 21:16:46 [error] [system.db.CDbCommand] CDbCommand::fetchAll() failed: SQLSTATE[42S02]: Base table or view not found: 1146 Table 'sewa_buku.tbl_migration' doesn't exist. The SQL statement executed was: SHOW FULL COLUMNS FROM `tbl_migration`.
2022/05/16 21:16:49 [error] [system.db.CDbCommand] CDbCommand::execute() failed: SQLSTATE[42000]: Syntax error or access violation: 1067 Invalid default value for 'updated_at'. The SQL statement executed was: CREATE TABLE `books` (
	`id` int(11) NOT NULL AUTO_INCREMENT PRIMARY KEY,
	`title` varchar(255) NOT NULL,
	`description` text,
	`price` int(11),
	`is_active` int(11),
	`created_at` timestamp,
	`updated_at` timestamp
).
2022/05/16 21:16:49 [error] [exception.CDbException] CDbException: CDbCommand failed to execute the SQL statement: SQLSTATE[42000]: Syntax error or access violation: 1067 Invalid default value for 'updated_at'. The SQL statement executed was: CREATE TABLE `books` (
	`id` int(11) NOT NULL AUTO_INCREMENT PRIMARY KEY,
	`title` varchar(255) NOT NULL,
	`description` text,
	`price` int(11),
	`is_active` int(11),
	`created_at` timestamp,
	`updated_at` timestamp
) in C:\xampp\yii-starter\framework\db\CDbCommand.php:358
Stack trace:
#0 C:\xampp\yii-starter\framework\db\CDbCommand.php(1352): CDbCommand->execute()
#1 C:\xampp\yii-starter\framework\db\CDbMigration.php(250): CDbCommand->createTable('books', Array, NULL)
#2 C:\xampp\htdocs\sewabuku\protected\migrations\m220516_191041_create_books_table.php(8): CDbMigration->createTable('books', Array)
#3 C:\xampp\yii-starter\framework\cli\commands\MigrateCommand.php(415): m220516_191041_create_books_table->up()
#4 C:\xampp\yii-starter\framework\cli\commands\MigrateCommand.php(109): MigrateCommand->migrateUp('m220516_191041_...')
#5 [internal function]: MigrateCommand->actionUp(Array)
#6 C:\xampp\yii-starter\framework\console\CConsoleCommand.php(178): ReflectionMethod->invokeArgs(Object(MigrateCommand), Array)
#7 C:\xampp\yii-starter\framework\console\CConsoleCommandRunner.php(71): CConsoleCommand->run(Array)
#8 C:\xampp\yii-starter\framework\console\CConsoleApplication.php(92): CConsoleCommandRunner->run(Array)
#9 C:\xampp\yii-starter\framework\base\CApplication.php(185): CConsoleApplication->processRequest()
#10 C:\xampp\yii-starter\framework\yiic.php(33): CApplication->run()
#11 C:\xampp\htdocs\sewabuku\protected\yiic.php(7): require_once('C:\\xampp\\yii-st...')
#12 {main}
---
2022/05/16 22:33:55 [warning] [application] Failed to set unsafe attribute "last_login" of "Users".
in C:\xampp\htdocs\sewabuku\protected\controllers\UsersController.php (71)
in C:\xampp\htdocs\sewabuku\index.php (13)
2022/05/16 22:33:55 [warning] [application] Failed to set unsafe attribute "created_at" of "Users".
in C:\xampp\htdocs\sewabuku\protected\controllers\UsersController.php (71)
in C:\xampp\htdocs\sewabuku\index.php (13)
2022/05/16 22:33:55 [warning] [application] Failed to set unsafe attribute "updated_at" of "Users".
in C:\xampp\htdocs\sewabuku\protected\controllers\UsersController.php (71)
in C:\xampp\htdocs\sewabuku\index.php (13)
2022/05/16 22:34:06 [error] [exception.CHttpException.403] CHttpException: You are not authorized to perform this action. in C:\xampp\yii-starter\framework\web\auth\CAccessControlFilter.php:183
Stack trace:
#0 C:\xampp\yii-starter\framework\web\auth\CAccessControlFilter.php(145): CAccessControlFilter->accessDenied(Object(CWebUser), 'You are not aut...')
#1 C:\xampp\yii-starter\framework\web\filters\CFilter.php(38): CAccessControlFilter->preFilter(Object(CFilterChain))
#2 C:\xampp\yii-starter\framework\web\CController.php(1148): CFilter->filter(Object(CFilterChain))
#3 C:\xampp\yii-starter\framework\web\filters\CInlineFilter.php(58): CController->filterAccessControl(Object(CFilterChain))
#4 C:\xampp\yii-starter\framework\web\filters\CFilterChain.php(131): CInlineFilter->filter(Object(CFilterChain))
#5 C:\xampp\yii-starter\framework\web\CController.php(291): CFilterChain->run()
#6 C:\xampp\yii-starter\framework\web\CController.php(265): CController->runActionWithFilters(Object(CInlineAction), Array)
#7 C:\xampp\yii-starter\framework\web\CWebApplication.php(282): CController->run('admin')
#8 C:\xampp\yii-starter\framework\web\CWebApplication.php(141): CWebApplication->runController('users/admin')
#9 C:\xampp\yii-starter\framework\base\CApplication.php(185): CWebApplication->processRequest()
#10 C:\xampp\htdocs\sewabuku\index.php(13): CApplication->run()
#11 {main}
REQUEST_URI=/sewabuku/index.php?r=users/admin
HTTP_REFERER=http://localhost/sewabuku/index.php?r=users/index
---
2022/05/16 22:34:25 [warning] [application] Failed to set unsafe attribute "last_login" of "Users".
in C:\xampp\htdocs\sewabuku\protected\controllers\UsersController.php (71)
in C:\xampp\htdocs\sewabuku\index.php (13)
2022/05/16 22:34:25 [warning] [application] Failed to set unsafe attribute "created_at" of "Users".
in C:\xampp\htdocs\sewabuku\protected\controllers\UsersController.php (71)
in C:\xampp\htdocs\sewabuku\index.php (13)
2022/05/16 22:34:25 [warning] [application] Failed to set unsafe attribute "updated_at" of "Users".
in C:\xampp\htdocs\sewabuku\protected\controllers\UsersController.php (71)
in C:\xampp\htdocs\sewabuku\index.php (13)
2022/05/16 22:34:35 [error] [exception.CHttpException.403] CHttpException: You are not authorized to perform this action. in C:\xampp\yii-starter\framework\web\auth\CAccessControlFilter.php:183
Stack trace:
#0 C:\xampp\yii-starter\framework\web\auth\CAccessControlFilter.php(145): CAccessControlFilter->accessDenied(Object(CWebUser), 'You are not aut...')
#1 C:\xampp\yii-starter\framework\web\filters\CFilter.php(38): CAccessControlFilter->preFilter(Object(CFilterChain))
#2 C:\xampp\yii-starter\framework\web\CController.php(1148): CFilter->filter(Object(CFilterChain))
#3 C:\xampp\yii-starter\framework\web\filters\CInlineFilter.php(58): CController->filterAccessControl(Object(CFilterChain))
#4 C:\xampp\yii-starter\framework\web\filters\CFilterChain.php(131): CInlineFilter->filter(Object(CFilterChain))
#5 C:\xampp\yii-starter\framework\web\CController.php(291): CFilterChain->run()
#6 C:\xampp\yii-starter\framework\web\CController.php(265): CController->runActionWithFilters(Object(CInlineAction), Array)
#7 C:\xampp\yii-starter\framework\web\CWebApplication.php(282): CController->run('admin')
#8 C:\xampp\yii-starter\framework\web\CWebApplication.php(141): CWebApplication->runController('users/admin')
#9 C:\xampp\yii-starter\framework\base\CApplication.php(185): CWebApplication->processRequest()
#10 C:\xampp\htdocs\sewabuku\index.php(13): CApplication->run()
#11 {main}
REQUEST_URI=/sewabuku/index.php?r=users/admin
HTTP_REFERER=http://localhost/sewabuku/index.php?r=users/index
---
2022/05/16 22:36:24 [warning] [application] Failed to set unsafe attribute "last_login" of "Users".
in C:\xampp\htdocs\sewabuku\protected\controllers\UsersController.php (95)
in C:\xampp\htdocs\sewabuku\index.php (13)
2022/05/16 22:36:24 [warning] [application] Failed to set unsafe attribute "created_at" of "Users".
in C:\xampp\htdocs\sewabuku\protected\controllers\UsersController.php (95)
in C:\xampp\htdocs\sewabuku\index.php (13)
2022/05/16 22:36:24 [warning] [application] Failed to set unsafe attribute "updated_at" of "Users".
in C:\xampp\htdocs\sewabuku\protected\controllers\UsersController.php (95)
in C:\xampp\htdocs\sewabuku\index.php (13)
2022/05/16 22:37:41 [warning] [application] Failed to set unsafe attribute "last_login" of "Users".
in C:\xampp\htdocs\sewabuku\protected\controllers\UsersController.php (71)
in C:\xampp\htdocs\sewabuku\index.php (13)
2022/05/16 22:37:41 [warning] [application] Failed to set unsafe attribute "created_at" of "Users".
in C:\xampp\htdocs\sewabuku\protected\controllers\UsersController.php (71)
in C:\xampp\htdocs\sewabuku\index.php (13)
2022/05/16 22:37:41 [warning] [application] Failed to set unsafe attribute "updated_at" of "Users".
in C:\xampp\htdocs\sewabuku\protected\controllers\UsersController.php (71)
in C:\xampp\htdocs\sewabuku\index.php (13)
2022/05/16 22:45:43 [error] [exception.CHttpException.403] CHttpException: You are not authorized to perform this action. in C:\xampp\yii-starter\framework\web\auth\CAccessControlFilter.php:183
Stack trace:
#0 C:\xampp\yii-starter\framework\web\auth\CAccessControlFilter.php(145): CAccessControlFilter->accessDenied(Object(CWebUser), 'You are not aut...')
#1 C:\xampp\yii-starter\framework\web\filters\CFilter.php(38): CAccessControlFilter->preFilter(Object(CFilterChain))
#2 C:\xampp\yii-starter\framework\web\CController.php(1148): CFilter->filter(Object(CFilterChain))
#3 C:\xampp\yii-starter\framework\web\filters\CInlineFilter.php(58): CController->filterAccessControl(Object(CFilterChain))
#4 C:\xampp\yii-starter\framework\web\filters\CFilterChain.php(131): CInlineFilter->filter(Object(CFilterChain))
#5 C:\xampp\yii-starter\framework\web\CController.php(291): CFilterChain->run()
#6 C:\xampp\yii-starter\framework\web\CController.php(265): CController->runActionWithFilters(Object(CInlineAction), Array)
#7 C:\xampp\yii-starter\framework\web\CWebApplication.php(282): CController->run('admin')
#8 C:\xampp\yii-starter\framework\web\CWebApplication.php(141): CWebApplication->runController('books/admin')
#9 C:\xampp\yii-starter\framework\base\CApplication.php(185): CWebApplication->processRequest()
#10 C:\xampp\htdocs\sewabuku\index.php(13): CApplication->run()
#11 {main}
REQUEST_URI=/sewabuku/index.php?r=books/admin
HTTP_REFERER=http://localhost/sewabuku/index.php?r=books/index
---
2022/05/16 22:47:40 [warning] [application] Failed to set unsafe attribute "created_at" of "Books".
in C:\xampp\htdocs\sewabuku\protected\controllers\BooksController.php (72)
in C:\xampp\htdocs\sewabuku\index.php (13)
2022/05/16 22:47:40 [warning] [application] Failed to set unsafe attribute "updated_at" of "Books".
in C:\xampp\htdocs\sewabuku\protected\controllers\BooksController.php (72)
in C:\xampp\htdocs\sewabuku\index.php (13)
2022/05/16 22:48:01 [warning] [application] Failed to set unsafe attribute "created_at" of "Books".
in C:\xampp\htdocs\sewabuku\protected\controllers\BooksController.php (72)
in C:\xampp\htdocs\sewabuku\index.php (13)
2022/05/16 22:48:01 [warning] [application] Failed to set unsafe attribute "updated_at" of "Books".
in C:\xampp\htdocs\sewabuku\protected\controllers\BooksController.php (72)
in C:\xampp\htdocs\sewabuku\index.php (13)
2022/05/16 23:12:27 [error] [php] include(Html.php): Failed to open stream: No such file or directory (C:\xampp\yii-starter\framework\YiiBase.php:463)
Stack trace:
#0 C:\xampp\yii-starter\framework\YiiBase.php(463): include()
#1 C:\xampp\htdocs\sewabuku\protected\views\books\_form.php(42): autoload()
#2 C:\xampp\yii-starter\framework\web\CBaseController.php(126): require()
#3 C:\xampp\yii-starter\framework\web\CBaseController.php(95): BooksController->renderInternal()
#4 C:\xampp\yii-starter\framework\web\CController.php(872): BooksController->renderFile()
#5 C:\xampp\htdocs\sewabuku\protected\views\books\create.php(18): BooksController->renderPartial()
#6 C:\xampp\yii-starter\framework\web\CBaseController.php(126): require()
#7 C:\xampp\yii-starter\framework\web\CBaseController.php(95): BooksController->renderInternal()
#8 C:\xampp\yii-starter\framework\web\CController.php(872): BooksController->renderFile()
#9 C:\xampp\yii-starter\framework\web\CController.php(785): BooksController->renderPartial()
#10 C:\xampp\htdocs\sewabuku\protected\controllers\BooksController.php(78): BooksController->render()
#11 C:\xampp\yii-starter\framework\web\actions\CInlineAction.php(49): BooksController->actionCreate()
#12 C:\xampp\yii-starter\framework\web\CController.php(308): CInlineAction->runWithParams()
#13 C:\xampp\yii-starter\framework\web\filters\CFilterChain.php(134): BooksController->runAction()
#14 C:\xampp\yii-starter\framework\web\filters\CFilter.php(40): CFilterChain->run()
#15 C:\xampp\yii-starter\framework\web\CController.php(1148): CAccessControlFilter->filter()
#16 C:\xampp\yii-starter\framework\web\filters\CInlineFilter.php(58): BooksController->filterAccessControl()
#17 C:\xampp\yii-starter\framework\web\filters\CFilterChain.php(131): CInlineFilter->filter()
#18 C:\xampp\yii-starter\framework\web\CController.php(291): CFilterChain->run()
#19 C:\xampp\yii-starter\framework\web\CController.php(265): BooksController->runActionWithFilters()
#20 C:\xampp\yii-starter\framework\web\CWebApplication.php(282): BooksController->run()
#21 C:\xampp\yii-starter\framework\web\CWebApplication.php(141): CWebApplication->runController()
#22 C:\xampp\yii-starter\framework\base\CApplication.php(185): CWebApplication->processRequest()
#23 C:\xampp\htdocs\sewabuku\index.php(13): CWebApplication->run()
REQUEST_URI=/sewabuku/index.php?r=books/create
in C:\xampp\htdocs\sewabuku\protected\views\books\_form.php (42)
in C:\xampp\htdocs\sewabuku\protected\views\books\create.php (18)
in C:\xampp\htdocs\sewabuku\protected\controllers\BooksController.php (78)
2022/05/16 23:13:01 [error] [exception.ArgumentCountError] ArgumentCountError: Too few arguments to function CHtml::checkBoxList(), 2 passed in C:\xampp\htdocs\sewabuku\protected\views\books\_form.php on line 42 and at least 3 expected in C:\xampp\yii-starter\framework\web\helpers\CHtml.php:1143
Stack trace:
#0 C:\xampp\htdocs\sewabuku\protected\views\books\_form.php(42): CHtml::checkBoxList(Object(Books), Array)
#1 C:\xampp\yii-starter\framework\web\CBaseController.php(126): require('C:\\xampp\\htdocs...')
#2 C:\xampp\yii-starter\framework\web\CBaseController.php(95): CBaseController->renderInternal('C:\\xampp\\htdocs...', Array, true)
#3 C:\xampp\yii-starter\framework\web\CController.php(872): CBaseController->renderFile('C:\\xampp\\htdocs...', Array, true)
#4 C:\xampp\htdocs\sewabuku\protected\views\books\create.php(18): CController->renderPartial('_form', Array)
#5 C:\xampp\yii-starter\framework\web\CBaseController.php(126): require('C:\\xampp\\htdocs...')
#6 C:\xampp\yii-starter\framework\web\CBaseController.php(95): CBaseController->renderInternal('C:\\xampp\\htdocs...', Array, true)
#7 C:\xampp\yii-starter\framework\web\CController.php(872): CBaseController->renderFile('C:\\xampp\\htdocs...', Array, true)
#8 C:\xampp\yii-starter\framework\web\CController.php(785): CController->renderPartial('create', Array, true)
#9 C:\xampp\htdocs\sewabuku\protected\controllers\BooksController.php(78): CController->render('create', Array)
#10 C:\xampp\yii-starter\framework\web\actions\CInlineAction.php(49): BooksController->actionCreate()
#11 C:\xampp\yii-starter\framework\web\CController.php(308): CInlineAction->runWithParams(Array)
#12 C:\xampp\yii-starter\framework\web\filters\CFilterChain.php(134): CController->runAction(Object(CInlineAction))
#13 C:\xampp\yii-starter\framework\web\filters\CFilter.php(40): CFilterChain->run()
#14 C:\xampp\yii-starter\framework\web\CController.php(1148): CFilter->filter(Object(CFilterChain))
#15 C:\xampp\yii-starter\framework\web\filters\CInlineFilter.php(58): CController->filterAccessControl(Object(CFilterChain))
#16 C:\xampp\yii-starter\framework\web\filters\CFilterChain.php(131): CInlineFilter->filter(Object(CFilterChain))
#17 C:\xampp\yii-starter\framework\web\CController.php(291): CFilterChain->run()
#18 C:\xampp\yii-starter\framework\web\CController.php(265): CController->runActionWithFilters(Object(CInlineAction), Array)
#19 C:\xampp\yii-starter\framework\web\CWebApplication.php(282): CController->run('create')
#20 C:\xampp\yii-starter\framework\web\CWebApplication.php(141): CWebApplication->runController('books/create')
#21 C:\xampp\yii-starter\framework\base\CApplication.php(185): CWebApplication->processRequest()
#22 C:\xampp\htdocs\sewabuku\index.php(13): CApplication->run()
#23 {main}
REQUEST_URI=/sewabuku/index.php?r=books/create
HTTP_REFERER=http://localhost/sewabuku/index.php?r=books/index
---
2022/05/16 23:53:00 [error] [exception.CHttpException.403] CHttpException: You are not authorized to perform this action. in C:\xampp\yii-starter\framework\web\auth\CAccessControlFilter.php:183
Stack trace:
#0 C:\xampp\yii-starter\framework\web\auth\CAccessControlFilter.php(145): CAccessControlFilter->accessDenied(Object(CWebUser), 'You are not aut...')
#1 C:\xampp\yii-starter\framework\web\filters\CFilter.php(38): CAccessControlFilter->preFilter(Object(CFilterChain))
#2 C:\xampp\yii-starter\framework\web\CController.php(1148): CFilter->filter(Object(CFilterChain))
#3 C:\xampp\yii-starter\framework\web\filters\CInlineFilter.php(58): CController->filterAccessControl(Object(CFilterChain))
#4 C:\xampp\yii-starter\framework\web\filters\CFilterChain.php(131): CInlineFilter->filter(Object(CFilterChain))
#5 C:\xampp\yii-starter\framework\web\CController.php(291): CFilterChain->run()
#6 C:\xampp\yii-starter\framework\web\CController.php(265): CController->runActionWithFilters(Object(CInlineAction), Array)
#7 C:\xampp\yii-starter\framework\web\CWebApplication.php(282): CController->run('admin')
#8 C:\xampp\yii-starter\framework\web\CWebApplication.php(141): CWebApplication->runController('books/admin')
#9 C:\xampp\yii-starter\framework\base\CApplication.php(185): CWebApplication->processRequest()
#10 C:\xampp\htdocs\sewabuku\index.php(13): CApplication->run()
#11 {main}
REQUEST_URI=/sewabuku/index.php?r=books/admin
HTTP_REFERER=http://localhost/sewabuku/index.php?r=books/index
---
2022/05/16 23:53:50 [error] [exception.CHttpException.403] CHttpException: You are not authorized to perform this action. in C:\xampp\yii-starter\framework\web\auth\CAccessControlFilter.php:183
Stack trace:
#0 C:\xampp\yii-starter\framework\web\auth\CAccessControlFilter.php(145): CAccessControlFilter->accessDenied(Object(CWebUser), 'You are not aut...')
#1 C:\xampp\yii-starter\framework\web\filters\CFilter.php(38): CAccessControlFilter->preFilter(Object(CFilterChain))
#2 C:\xampp\yii-starter\framework\web\CController.php(1148): CFilter->filter(Object(CFilterChain))
#3 C:\xampp\yii-starter\framework\web\filters\CInlineFilter.php(58): CController->filterAccessControl(Object(CFilterChain))
#4 C:\xampp\yii-starter\framework\web\filters\CFilterChain.php(131): CInlineFilter->filter(Object(CFilterChain))
#5 C:\xampp\yii-starter\framework\web\CController.php(291): CFilterChain->run()
#6 C:\xampp\yii-starter\framework\web\CController.php(265): CController->runActionWithFilters(Object(CInlineAction), Array)
#7 C:\xampp\yii-starter\framework\web\CWebApplication.php(282): CController->run('admin')
#8 C:\xampp\yii-starter\framework\web\CWebApplication.php(141): CWebApplication->runController('books/admin')
#9 C:\xampp\yii-starter\framework\base\CApplication.php(185): CWebApplication->processRequest()
#10 C:\xampp\htdocs\sewabuku\index.php(13): CApplication->run()
#11 {main}
REQUEST_URI=/sewabuku/index.php?r=books/admin
HTTP_REFERER=http://localhost/sewabuku/index.php?r=books/index
---
2022/05/17 00:01:51 [error] [exception.CHttpException.400] CHttpException: Your request is invalid. in C:\xampp\yii-starter\framework\web\CController.php:337
Stack trace:
#0 C:\xampp\yii-starter\framework\web\CController.php(309): CController->invalidActionParams(Object(CInlineAction))
#1 C:\xampp\yii-starter\framework\web\filters\CFilterChain.php(134): CController->runAction(Object(CInlineAction))
#2 C:\xampp\yii-starter\framework\web\filters\CFilter.php(40): CFilterChain->run()
#3 C:\xampp\yii-starter\framework\web\CController.php(1148): CFilter->filter(Object(CFilterChain))
#4 C:\xampp\yii-starter\framework\web\filters\CInlineFilter.php(58): CController->filterAccessControl(Object(CFilterChain))
#5 C:\xampp\yii-starter\framework\web\filters\CFilterChain.php(131): CInlineFilter->filter(Object(CFilterChain))
#6 C:\xampp\yii-starter\framework\web\CController.php(291): CFilterChain->run()
#7 C:\xampp\yii-starter\framework\web\CController.php(265): CController->runActionWithFilters(Object(CInlineAction), Array)
#8 C:\xampp\yii-starter\framework\web\CWebApplication.php(282): CController->run('view')
#9 C:\xampp\yii-starter\framework\web\CWebApplication.php(141): CWebApplication->runController('books/view')
#10 C:\xampp\yii-starter\framework\base\CApplication.php(185): CWebApplication->processRequest()
#11 C:\xampp\htdocs\sewabuku\index.php(13): CApplication->run()
#12 {main}
REQUEST_URI=/sewabuku/index.php?r=books/view
HTTP_REFERER=http://localhost/sewabuku/index.php?r=site/index
---
2022/05/17 00:02:22 [error] [exception.CHttpException.400] CHttpException: Your request is invalid. in C:\xampp\yii-starter\framework\web\CController.php:337
Stack trace:
#0 C:\xampp\yii-starter\framework\web\CController.php(309): CController->invalidActionParams(Object(CInlineAction))
#1 C:\xampp\yii-starter\framework\web\filters\CFilterChain.php(134): CController->runAction(Object(CInlineAction))
#2 C:\xampp\yii-starter\framework\web\filters\CFilter.php(40): CFilterChain->run()
#3 C:\xampp\yii-starter\framework\web\CController.php(1148): CFilter->filter(Object(CFilterChain))
#4 C:\xampp\yii-starter\framework\web\filters\CInlineFilter.php(58): CController->filterAccessControl(Object(CFilterChain))
#5 C:\xampp\yii-starter\framework\web\filters\CFilterChain.php(131): CInlineFilter->filter(Object(CFilterChain))
#6 C:\xampp\yii-starter\framework\web\CController.php(291): CFilterChain->run()
#7 C:\xampp\yii-starter\framework\web\CController.php(265): CController->runActionWithFilters(Object(CInlineAction), Array)
#8 C:\xampp\yii-starter\framework\web\CWebApplication.php(282): CController->run('view')
#9 C:\xampp\yii-starter\framework\web\CWebApplication.php(141): CWebApplication->runController('books/view')
#10 C:\xampp\yii-starter\framework\base\CApplication.php(185): CWebApplication->processRequest()
#11 C:\xampp\htdocs\sewabuku\index.php(13): CApplication->run()
#12 {main}
REQUEST_URI=/sewabuku/index.php?r=books/view
HTTP_REFERER=http://localhost/sewabuku/index.php?r=site/index
---
2022/05/17 00:14:14 [error] [php] Undefined variable $form (C:\xampp\htdocs\sewabuku\protected\views\books\_view.php:8)
Stack trace:
#0 C:\xampp\yii-starter\framework\web\CBaseController.php(130): require()
#1 C:\xampp\yii-starter\framework\web\CBaseController.php(95): BooksController->renderInternal()
#2 C:\xampp\yii-starter\framework\zii\widgets\CListView.php(291): BooksController->renderFile()
#3 C:\xampp\yii-starter\framework\zii\widgets\CBaseListView.php(181): CListView->renderItems()
#4 unknown(0): CListView->renderSection()
#5 C:\xampp\yii-starter\framework\zii\widgets\CBaseListView.php(164): preg_replace_callback()
#6 C:\xampp\yii-starter\framework\zii\widgets\CBaseListView.php(149): CListView->renderContent()
#7 C:\xampp\yii-starter\framework\web\CBaseController.php(182): CListView->run()
#8 C:\xampp\htdocs\sewabuku\protected\views\books\index.php(19): BooksController->widget()
#9 C:\xampp\yii-starter\framework\web\CBaseController.php(126): require()
#10 C:\xampp\yii-starter\framework\web\CBaseController.php(95): BooksController->renderInternal()
#11 C:\xampp\yii-starter\framework\web\CController.php(872): BooksController->renderFile()
#12 C:\xampp\yii-starter\framework\web\CController.php(785): BooksController->renderPartial()
#13 C:\xampp\htdocs\sewabuku\protected\controllers\BooksController.php(152): BooksController->render()
#14 C:\xampp\yii-starter\framework\web\actions\CInlineAction.php(49): BooksController->actionIndex()
#15 C:\xampp\yii-starter\framework\web\CController.php(308): CInlineAction->runWithParams()
#16 C:\xampp\yii-starter\framework\web\filters\CFilterChain.php(134): BooksController->runAction()
#17 C:\xampp\yii-starter\framework\web\filters\CFilter.php(40): CFilterChain->run()
#18 C:\xampp\yii-starter\framework\web\CController.php(1148): CAccessControlFilter->filter()
#19 C:\xampp\yii-starter\framework\web\filters\CInlineFilter.php(58): BooksController->filterAccessControl()
#20 C:\xampp\yii-starter\framework\web\filters\CFilterChain.php(131): CInlineFilter->filter()
#21 C:\xampp\yii-starter\framework\web\CController.php(291): CFilterChain->run()
#22 C:\xampp\yii-starter\framework\web\CController.php(265): BooksController->runActionWithFilters()
#23 C:\xampp\yii-starter\framework\web\CWebApplication.php(282): BooksController->run()
#24 C:\xampp\yii-starter\framework\web\CWebApplication.php(141): CWebApplication->runController()
#25 C:\xampp\yii-starter\framework\base\CApplication.php(185): CWebApplication->processRequest()
#26 C:\xampp\htdocs\sewabuku\index.php(13): CWebApplication->run()
REQUEST_URI=/sewabuku/index.php?r=books
in C:\xampp\htdocs\sewabuku\protected\views\books\_view.php (8)
in C:\xampp\htdocs\sewabuku\protected\views\books\index.php (19)
in C:\xampp\htdocs\sewabuku\protected\controllers\BooksController.php (152)
2022/05/17 00:16:26 [error] [php] Undefined variable $model (C:\xampp\htdocs\sewabuku\protected\controllers\BooksController.php:124)
Stack trace:
#0 C:\xampp\yii-starter\framework\web\actions\CInlineAction.php(49): BooksController->actionIndex()
#1 C:\xampp\yii-starter\framework\web\CController.php(308): CInlineAction->runWithParams()
#2 C:\xampp\yii-starter\framework\web\filters\CFilterChain.php(134): BooksController->runAction()
#3 C:\xampp\yii-starter\framework\web\filters\CFilter.php(40): CFilterChain->run()
#4 C:\xampp\yii-starter\framework\web\CController.php(1148): CAccessControlFilter->filter()
#5 C:\xampp\yii-starter\framework\web\filters\CInlineFilter.php(58): BooksController->filterAccessControl()
#6 C:\xampp\yii-starter\framework\web\filters\CFilterChain.php(131): CInlineFilter->filter()
#7 C:\xampp\yii-starter\framework\web\CController.php(291): CFilterChain->run()
#8 C:\xampp\yii-starter\framework\web\CController.php(265): BooksController->runActionWithFilters()
#9 C:\xampp\yii-starter\framework\web\CWebApplication.php(282): BooksController->run()
#10 C:\xampp\yii-starter\framework\web\CWebApplication.php(141): CWebApplication->runController()
#11 C:\xampp\yii-starter\framework\base\CApplication.php(185): CWebApplication->processRequest()
#12 C:\xampp\htdocs\sewabuku\index.php(13): CWebApplication->run()
REQUEST_URI=/sewabuku/index.php?r=books
in C:\xampp\htdocs\sewabuku\protected\controllers\BooksController.php (124)
in C:\xampp\htdocs\sewabuku\index.php (13)
2022/05/17 00:16:29 [error] [php] Undefined variable $model (C:\xampp\htdocs\sewabuku\protected\controllers\BooksController.php:124)
Stack trace:
#0 C:\xampp\yii-starter\framework\web\actions\CInlineAction.php(49): BooksController->actionIndex()
#1 C:\xampp\yii-starter\framework\web\CController.php(308): CInlineAction->runWithParams()
#2 C:\xampp\yii-starter\framework\web\filters\CFilterChain.php(134): BooksController->runAction()
#3 C:\xampp\yii-starter\framework\web\filters\CFilter.php(40): CFilterChain->run()
#4 C:\xampp\yii-starter\framework\web\CController.php(1148): CAccessControlFilter->filter()
#5 C:\xampp\yii-starter\framework\web\filters\CInlineFilter.php(58): BooksController->filterAccessControl()
#6 C:\xampp\yii-starter\framework\web\filters\CFilterChain.php(131): CInlineFilter->filter()
#7 C:\xampp\yii-starter\framework\web\CController.php(291): CFilterChain->run()
#8 C:\xampp\yii-starter\framework\web\CController.php(265): BooksController->runActionWithFilters()
#9 C:\xampp\yii-starter\framework\web\CWebApplication.php(282): BooksController->run()
#10 C:\xampp\yii-starter\framework\web\CWebApplication.php(141): CWebApplication->runController()
#11 C:\xampp\yii-starter\framework\base\CApplication.php(185): CWebApplication->processRequest()
#12 C:\xampp\htdocs\sewabuku\index.php(13): CWebApplication->run()
REQUEST_URI=/sewabuku/index.php?r=books
in C:\xampp\htdocs\sewabuku\protected\controllers\BooksController.php (124)
in C:\xampp\htdocs\sewabuku\index.php (13)
2022/05/17 00:17:44 [error] [php] Undefined variable $form (C:\xampp\htdocs\sewabuku\protected\views\books\_view.php:8)
Stack trace:
#0 C:\xampp\yii-starter\framework\web\CBaseController.php(130): require()
#1 C:\xampp\yii-starter\framework\web\CBaseController.php(95): BooksController->renderInternal()
#2 C:\xampp\yii-starter\framework\zii\widgets\CListView.php(291): BooksController->renderFile()
#3 C:\xampp\yii-starter\framework\zii\widgets\CBaseListView.php(181): CListView->renderItems()
#4 unknown(0): CListView->renderSection()
#5 C:\xampp\yii-starter\framework\zii\widgets\CBaseListView.php(164): preg_replace_callback()
#6 C:\xampp\yii-starter\framework\zii\widgets\CBaseListView.php(149): CListView->renderContent()
#7 C:\xampp\yii-starter\framework\web\CBaseController.php(182): CListView->run()
#8 C:\xampp\htdocs\sewabuku\protected\views\books\index.php(19): BooksController->widget()
#9 C:\xampp\yii-starter\framework\web\CBaseController.php(126): require()
#10 C:\xampp\yii-starter\framework\web\CBaseController.php(95): BooksController->renderInternal()
#11 C:\xampp\yii-starter\framework\web\CController.php(872): BooksController->renderFile()
#12 C:\xampp\yii-starter\framework\web\CController.php(785): BooksController->renderPartial()
#13 C:\xampp\htdocs\sewabuku\protected\controllers\BooksController.php(138): BooksController->render()
#14 C:\xampp\yii-starter\framework\web\actions\CInlineAction.php(49): BooksController->actionIndex()
#15 C:\xampp\yii-starter\framework\web\CController.php(308): CInlineAction->runWithParams()
#16 C:\xampp\yii-starter\framework\web\filters\CFilterChain.php(134): BooksController->runAction()
#17 C:\xampp\yii-starter\framework\web\filters\CFilter.php(40): CFilterChain->run()
#18 C:\xampp\yii-starter\framework\web\CController.php(1148): CAccessControlFilter->filter()
#19 C:\xampp\yii-starter\framework\web\filters\CInlineFilter.php(58): BooksController->filterAccessControl()
#20 C:\xampp\yii-starter\framework\web\filters\CFilterChain.php(131): CInlineFilter->filter()
#21 C:\xampp\yii-starter\framework\web\CController.php(291): CFilterChain->run()
#22 C:\xampp\yii-starter\framework\web\CController.php(265): BooksController->runActionWithFilters()
#23 C:\xampp\yii-starter\framework\web\CWebApplication.php(282): BooksController->run()
#24 C:\xampp\yii-starter\framework\web\CWebApplication.php(141): CWebApplication->runController()
#25 C:\xampp\yii-starter\framework\base\CApplication.php(185): CWebApplication->processRequest()
#26 C:\xampp\htdocs\sewabuku\index.php(13): CWebApplication->run()
REQUEST_URI=/sewabuku/index.php?r=books
in C:\xampp\htdocs\sewabuku\protected\views\books\_view.php (8)
in C:\xampp\htdocs\sewabuku\protected\views\books\index.php (19)
in C:\xampp\htdocs\sewabuku\protected\controllers\BooksController.php (138)
